2025-11-01 07:26:51 | Only POST requests allowed | {"action":"unknown","trace":"#0 \/home\/129337.cloudwaysapps.com\/jcepnzzkmj\/public_html\/modules\/admin-ui\/api\/themes.php(216): BaseAPI->handleRequest()\n#1 {main}"}
2025-11-01 07:35:53 | CIS Logger not found, using fallback logging
2025-11-01 07:35:53 | Listed CSS files | {"total":2,"core":1,"dependencies":0,"custom":1,"ai_enabled":false,"timestamp":1761935753.53379}
2025-11-01 07:35:53 | CIS Logger not found, using fallback logging
2025-11-01 07:35:53 | Missing required fields: file, content | {"action":"save_css_version","trace":"#0 \/home\/129337.cloudwaysapps.com\/jcepnzzkmj\/public_html\/modules\/admin-ui\/api\/css.php(102): BaseAPI->validateRequired()\n#1 \/home\/129337.cloudwaysapps.com\/jcepnzzkmj\/public_html\/modules\/admin-ui\/lib\/BaseAPI.php(172): CSSAPI->handleSaveCssVersion()\n#2 \/home\/129337.cloudwaysapps.com\/jcepnzzkmj\/public_html\/modules\/admin-ui\/api\/css.php(504): BaseAPI->handleRequest()\n#3 Command line code(7): require('...')\n#4 {main}"}
2025-11-01 07:35:53 | CIS Logger not found, using fallback logging
2025-11-01 07:35:53 | Missing required fields: file | {"action":"get_css_versions","trace":"#0 \/home\/129337.cloudwaysapps.com\/jcepnzzkmj\/public_html\/modules\/admin-ui\/api\/css.php(240): BaseAPI->validateRequired()\n#1 \/home\/129337.cloudwaysapps.com\/jcepnzzkmj\/public_html\/modules\/admin-ui\/lib\/BaseAPI.php(172): CSSAPI->handleGetCssVersions()\n#2 \/home\/129337.cloudwaysapps.com\/jcepnzzkmj\/public_html\/modules\/admin-ui\/api\/css.php(504): BaseAPI->handleRequest()\n#3 Command line code(7): require('...')\n#4 {main}"}
2025-11-01 07:35:53 | CIS Logger not found, using fallback logging
2025-11-01 07:35:53 | Missing required fields: content | {"action":"minify_css","trace":"#0 \/home\/129337.cloudwaysapps.com\/jcepnzzkmj\/public_html\/modules\/admin-ui\/api\/css.php(420): BaseAPI->validateRequired()\n#1 \/home\/129337.cloudwaysapps.com\/jcepnzzkmj\/public_html\/modules\/admin-ui\/lib\/BaseAPI.php(172): CSSAPI->handleMinifyCss()\n#2 \/home\/129337.cloudwaysapps.com\/jcepnzzkmj\/public_html\/modules\/admin-ui\/api\/css.php(504): BaseAPI->handleRequest()\n#3 Command line code(7): require('...')\n#4 {main}"}
2025-11-01 07:35:53 | Listed JS files | {"total":0,"vendors":0,"modules":0,"build":0,"ai_enabled":false,"timestamp_micro":1761935753.875357,"memory_usage":2097152}
2025-11-01 07:35:53 | Missing required fields: file, content | {"action":"save_js_version","trace":"#0 \/home\/129337.cloudwaysapps.com\/jcepnzzkmj\/public_html\/modules\/admin-ui\/api\/js.php(103): BaseAPI->validateRequired()\n#1 \/home\/129337.cloudwaysapps.com\/jcepnzzkmj\/public_html\/modules\/admin-ui\/lib\/BaseAPI.php(172): JSAPI->handleSaveJsVersion()\n#2 \/home\/129337.cloudwaysapps.com\/jcepnzzkmj\/public_html\/modules\/admin-ui\/api\/js.php(534): BaseAPI->handleRequest()\n#3 Command line code(7): require('...')\n#4 {main}"}
2025-11-01 07:35:54 | Missing required fields: file | {"action":"get_js_versions","trace":"#0 \/home\/129337.cloudwaysapps.com\/jcepnzzkmj\/public_html\/modules\/admin-ui\/api\/js.php(384): BaseAPI->validateRequired()\n#1 \/home\/129337.cloudwaysapps.com\/jcepnzzkmj\/public_html\/modules\/admin-ui\/lib\/BaseAPI.php(172): JSAPI->handleGetJsVersions()\n#2 \/home\/129337.cloudwaysapps.com\/jcepnzzkmj\/public_html\/modules\/admin-ui\/api\/js.php(534): BaseAPI->handleRequest()\n#3 Command line code(7): require('...')\n#4 {main}"}
2025-11-01 07:35:54 | Missing required fields: content | {"action":"minify_js","trace":"#0 \/home\/129337.cloudwaysapps.com\/jcepnzzkmj\/public_html\/modules\/admin-ui\/api\/js.php(418): BaseAPI->validateRequired()\n#1 \/home\/129337.cloudwaysapps.com\/jcepnzzkmj\/public_html\/modules\/admin-ui\/lib\/BaseAPI.php(172): JSAPI->handleMinifyJs()\n#2 \/home\/129337.cloudwaysapps.com\/jcepnzzkmj\/public_html\/modules\/admin-ui\/api\/js.php(534): BaseAPI->handleRequest()\n#3 Command line code(7): require('...')\n#4 {main}"}
2025-11-01 07:38:34 | CIS Logger not found, using fallback logging
2025-11-01 07:38:34 | Listed CSS files | {"total":2,"core":1,"dependencies":0,"custom":1,"ai_enabled":false,"timestamp":1761935914.199739}
2025-11-01 07:38:34 | CIS Logger not found, using fallback logging
2025-11-01 07:38:34 | Saving CSS version | {"file":"custom\/test.css","size":21,"message":"Test CSS version","ai_enabled":false,"timestamp":1761935914.312051}
2025-11-01 07:38:34 | CSS version saved successfully | {"file":"custom\/test.css","version_id":"1761935914_fa1b474b","duration":0.001,"ai_suggestions":false,"ai_enabled":false,"timestamp":1761935914.312572}
2025-11-01 07:38:34 | CIS Logger not found, using fallback logging
2025-11-01 07:38:34 | Retrieved CSS versions | {"file":"custom\/test.css","count":1,"ai_enabled":false,"timestamp":1761935914.399805}
2025-11-01 07:38:34 | CIS Logger not found, using fallback logging
2025-11-01 07:38:34 | CSS minified | {"original_size":35,"minified_size":16,"savings":19,"savings_percent":54.29,"ai_enabled":false,"timestamp":1761935914.486754}
2025-11-01 07:38:34 | Listed JS files | {"total":0,"vendors":0,"modules":0,"build":0,"ai_enabled":false,"timestamp_micro":1761935914.567325,"memory_usage":2097152}
2025-11-01 07:38:34 | Saving JS version | {"file":"modules\/test.js","size":32,"message":"Test JS version","lines":1,"ai_enabled":false,"timestamp_micro":1761935914.662611,"memory_usage":2097152}
2025-11-01 07:38:34 | JS version saved with AI analysis | {"file":"modules\/test.js","version_id":"1761935914_51078a7d","duration":0.004,"ai_suggestions":0,"code_quality_score":null,"ai_enabled":false,"timestamp_micro":1761935914.666177,"memory_usage":2097152}
2025-11-01 07:38:34 | Retrieved JS versions | {"file":"modules\/test.js","count":1,"ai_enabled":false,"timestamp_micro":1761935914.750167,"memory_usage":2097152}
2025-11-01 07:38:34 | JavaScript minified | {"original_size":44,"minified_size":0,"savings":44,"savings_percent":100,"ai_enabled":false,"timestamp_micro":1761935914.83929,"memory_usage":2097152}
2025-11-01 07:40:05 | CIS Logger not found, using fallback logging
2025-11-01 07:40:05 | Listed CSS files | {"total":3,"core":1,"dependencies":0,"custom":2,"ai_enabled":false,"timestamp":1761936005.258976}
2025-11-01 07:40:05 | CIS Logger not found, using fallback logging
2025-11-01 07:40:05 | Saving CSS version | {"file":"custom\/test.css","size":21,"message":"Test CSS version","ai_enabled":false,"timestamp":1761936005.347589}
2025-11-01 07:40:05 | CSS version saved successfully | {"file":"custom\/test.css","version_id":"1761936005_fa1b474b","duration":0.001,"ai_suggestions":false,"ai_enabled":false,"timestamp":1761936005.348375}
2025-11-01 07:40:05 | CIS Logger not found, using fallback logging
2025-11-01 07:40:05 | Retrieved CSS versions | {"file":"custom\/test.css","count":2,"ai_enabled":false,"timestamp":1761936005.439141}
2025-11-01 07:40:05 | CIS Logger not found, using fallback logging
2025-11-01 07:40:05 | CSS minified | {"original_size":35,"minified_size":16,"savings":19,"savings_percent":54.29,"ai_enabled":false,"timestamp":1761936005.525732}
2025-11-01 07:40:05 | Listed JS files | {"total":1,"vendors":0,"modules":1,"build":0,"ai_enabled":false,"timestamp_micro":1761936005.625265,"memory_usage":2097152}
2025-11-01 07:40:05 | Saving JS version | {"file":"modules\/test.js","size":32,"message":"Test JS version","lines":1,"ai_enabled":false,"timestamp_micro":1761936005.716789,"memory_usage":2097152}
2025-11-01 07:40:05 | JS version saved with AI analysis | {"file":"modules\/test.js","version_id":"1761936005_51078a7d","duration":0.003,"ai_suggestions":0,"code_quality_score":null,"ai_enabled":false,"timestamp_micro":1761936005.720262,"memory_usage":2097152}
2025-11-01 07:40:05 | Retrieved JS versions | {"file":"modules\/test.js","count":2,"ai_enabled":false,"timestamp_micro":1761936005.805919,"memory_usage":2097152}
2025-11-01 07:40:05 | JavaScript minified | {"original_size":44,"minified_size":0,"savings":44,"savings_percent":100,"ai_enabled":false,"timestamp_micro":1761936005.888273,"memory_usage":2097152}
2025-11-01 07:42:46 | CIS Logger not found, using fallback logging
2025-11-01 07:42:46 | Listed CSS files | {"total":3,"core":1,"dependencies":0,"custom":2,"ai_enabled":false,"timestamp":1761936166.718388}
2025-11-01 07:42:46 | CIS Logger not found, using fallback logging
2025-11-01 07:42:46 | Saving CSS version | {"file":"custom\/test.css","size":21,"message":"Test CSS version","ai_enabled":false,"timestamp":1761936166.802269}
2025-11-01 07:42:46 | CSS version saved successfully | {"file":"custom\/test.css","version_id":"1761936166_fa1b474b","duration":0.001,"ai_suggestions":false,"ai_enabled":false,"timestamp":1761936166.802822}
2025-11-01 07:42:46 | CIS Logger not found, using fallback logging
2025-11-01 07:42:46 | Retrieved CSS versions | {"file":"custom\/test.css","count":3,"ai_enabled":false,"timestamp":1761936166.896482}
2025-11-01 07:42:46 | CIS Logger not found, using fallback logging
2025-11-01 07:42:46 | CSS minified | {"original_size":35,"minified_size":16,"savings":19,"savings_percent":54.29,"ai_enabled":false,"timestamp":1761936166.978929}
2025-11-01 07:42:47 | Listed JS files | {"total":1,"vendors":0,"modules":1,"build":0,"ai_enabled":false,"timestamp_micro":1761936167.066637,"memory_usage":2097152}
2025-11-01 07:42:47 | Saving JS version | {"file":"modules\/test.js","size":32,"message":"Test JS version","lines":1,"ai_enabled":false,"timestamp_micro":1761936167.149891,"memory_usage":2097152}
2025-11-01 07:42:47 | JS version saved with AI analysis | {"file":"modules\/test.js","version_id":"1761936167_51078a7d","duration":0.004,"ai_suggestions":0,"code_quality_score":null,"ai_enabled":false,"timestamp_micro":1761936167.153435,"memory_usage":2097152}
2025-11-01 07:42:47 | Retrieved JS versions | {"file":"modules\/test.js","count":3,"ai_enabled":false,"timestamp_micro":1761936167.232865,"memory_usage":2097152}
2025-11-01 07:42:47 | JavaScript minified | {"original_size":44,"minified_size":0,"savings":44,"savings_percent":100,"ai_enabled":false,"timestamp_micro":1761936167.327038,"memory_usage":2097152}
2025-11-03 08:29:16 | Only POST requests allowed | {"action":"unknown","trace":"#0 \/home\/129337.cloudwaysapps.com\/jcepnzzkmj\/public_html\/modules\/admin-ui\/api\/analytics.php(404): BaseAPI->handleRequest()\n#1 {main}"}
2025-11-03 08:29:16 | Only POST requests allowed | {"action":"unknown","trace":"#0 \/home\/129337.cloudwaysapps.com\/jcepnzzkmj\/public_html\/modules\/admin-ui\/api\/build.php(469): BaseAPI->handleRequest()\n#1 {main}"}
2025-11-03 08:29:16 | Only POST requests allowed | {"action":"unknown","trace":"#0 \/home\/129337.cloudwaysapps.com\/jcepnzzkmj\/public_html\/modules\/admin-ui\/api\/components.php(459): BaseAPI->handleRequest()\n#1 {main}"}
2025-11-03 08:29:16 | CIS Logger not found, using fallback logging
2025-11-03 08:29:16 | Only POST requests allowed | {"action":"unknown","trace":"#0 \/home\/129337.cloudwaysapps.com\/jcepnzzkmj\/public_html\/modules\/admin-ui\/api\/css.php(514): BaseAPI->handleRequest()\n#1 {main}"}
2025-11-03 08:29:16 | Only POST requests allowed | {"action":"unknown","trace":"#0 \/home\/129337.cloudwaysapps.com\/jcepnzzkmj\/public_html\/modules\/admin-ui\/api\/js.php(543): BaseAPI->handleRequest()\n#1 {main}"}
2025-11-03 08:29:17 | Only POST requests allowed | {"action":"unknown","trace":"#0 \/home\/129337.cloudwaysapps.com\/jcepnzzkmj\/public_html\/modules\/admin-ui\/api\/themes.php(216): BaseAPI->handleRequest()\n#1 {main}"}
2025-11-03 08:49:17 | Only POST requests allowed | {"action":"unknown","trace":"#0 \/home\/129337.cloudwaysapps.com\/jcepnzzkmj\/public_html\/modules\/admin-ui\/api\/analytics.php(404): BaseAPI->handleRequest()\n#1 {main}"}
2025-11-03 08:49:17 | Only POST requests allowed | {"action":"unknown","trace":"#0 \/home\/129337.cloudwaysapps.com\/jcepnzzkmj\/public_html\/modules\/admin-ui\/api\/build.php(469): BaseAPI->handleRequest()\n#1 {main}"}
2025-11-03 08:49:17 | Only POST requests allowed | {"action":"unknown","trace":"#0 \/home\/129337.cloudwaysapps.com\/jcepnzzkmj\/public_html\/modules\/admin-ui\/api\/components.php(459): BaseAPI->handleRequest()\n#1 {main}"}
2025-11-03 08:49:17 | CIS Logger not found, using fallback logging
2025-11-03 08:49:17 | Only POST requests allowed | {"action":"unknown","trace":"#0 \/home\/129337.cloudwaysapps.com\/jcepnzzkmj\/public_html\/modules\/admin-ui\/api\/css.php(514): BaseAPI->handleRequest()\n#1 {main}"}
2025-11-03 08:49:18 | Only POST requests allowed | {"action":"unknown","trace":"#0 \/home\/129337.cloudwaysapps.com\/jcepnzzkmj\/public_html\/modules\/admin-ui\/api\/js.php(543): BaseAPI->handleRequest()\n#1 {main}"}
2025-11-03 08:49:18 | Only POST requests allowed | {"action":"unknown","trace":"#0 \/home\/129337.cloudwaysapps.com\/jcepnzzkmj\/public_html\/modules\/admin-ui\/api\/themes.php(216): BaseAPI->handleRequest()\n#1 {main}"}
2025-11-03 08:52:35 | Only POST requests allowed | {"action":"unknown","trace":"#0 \/home\/129337.cloudwaysapps.com\/jcepnzzkmj\/public_html\/modules\/admin-ui\/api\/analytics.php(404): BaseAPI->handleRequest()\n#1 {main}"}
2025-11-03 08:52:35 | Only POST requests allowed | {"action":"unknown","trace":"#0 \/home\/129337.cloudwaysapps.com\/jcepnzzkmj\/public_html\/modules\/admin-ui\/api\/build.php(469): BaseAPI->handleRequest()\n#1 {main}"}
2025-11-03 08:52:35 | Only POST requests allowed | {"action":"unknown","trace":"#0 \/home\/129337.cloudwaysapps.com\/jcepnzzkmj\/public_html\/modules\/admin-ui\/api\/components.php(459): BaseAPI->handleRequest()\n#1 {main}"}
2025-11-03 08:52:35 | CIS Logger not found, using fallback logging
2025-11-03 08:52:35 | Only POST requests allowed | {"action":"unknown","trace":"#0 \/home\/129337.cloudwaysapps.com\/jcepnzzkmj\/public_html\/modules\/admin-ui\/api\/css.php(514): BaseAPI->handleRequest()\n#1 {main}"}
2025-11-03 08:52:35 | Only POST requests allowed | {"action":"unknown","trace":"#0 \/home\/129337.cloudwaysapps.com\/jcepnzzkmj\/public_html\/modules\/admin-ui\/api\/js.php(543): BaseAPI->handleRequest()\n#1 {main}"}
2025-11-03 08:52:35 | Only POST requests allowed | {"action":"unknown","trace":"#0 \/home\/129337.cloudwaysapps.com\/jcepnzzkmj\/public_html\/modules\/admin-ui\/api\/themes.php(216): BaseAPI->handleRequest()\n#1 {main}"}
2025-11-03 08:54:24 | Only POST requests allowed | {"action":"unknown","trace":"#0 \/home\/129337.cloudwaysapps.com\/jcepnzzkmj\/public_html\/modules\/admin-ui\/api\/analytics.php(404): BaseAPI->handleRequest()\n#1 {main}"}
2025-11-03 08:54:24 | Only POST requests allowed | {"action":"unknown","trace":"#0 \/home\/129337.cloudwaysapps.com\/jcepnzzkmj\/public_html\/modules\/admin-ui\/api\/build.php(469): BaseAPI->handleRequest()\n#1 {main}"}
2025-11-03 08:54:25 | Only POST requests allowed | {"action":"unknown","trace":"#0 \/home\/129337.cloudwaysapps.com\/jcepnzzkmj\/public_html\/modules\/admin-ui\/api\/components.php(459): BaseAPI->handleRequest()\n#1 {main}"}
2025-11-03 08:54:25 | CIS Logger not found, using fallback logging
2025-11-03 08:54:25 | Only POST requests allowed | {"action":"unknown","trace":"#0 \/home\/129337.cloudwaysapps.com\/jcepnzzkmj\/public_html\/modules\/admin-ui\/api\/css.php(514): BaseAPI->handleRequest()\n#1 {main}"}
2025-11-03 08:54:25 | Only POST requests allowed | {"action":"unknown","trace":"#0 \/home\/129337.cloudwaysapps.com\/jcepnzzkmj\/public_html\/modules\/admin-ui\/api\/js.php(543): BaseAPI->handleRequest()\n#1 {main}"}
2025-11-03 08:54:25 | Only POST requests allowed | {"action":"unknown","trace":"#0 \/home\/129337.cloudwaysapps.com\/jcepnzzkmj\/public_html\/modules\/admin-ui\/api\/themes.php(216): BaseAPI->handleRequest()\n#1 {main}"}
2025-11-03 09:06:04 | Only POST requests allowed | {"action":"unknown","trace":"#0 \/home\/129337.cloudwaysapps.com\/jcepnzzkmj\/public_html\/modules\/admin-ui\/api\/analytics.php(404): BaseAPI->handleRequest()\n#1 {main}"}
2025-11-03 09:06:04 | Only POST requests allowed | {"action":"unknown","trace":"#0 \/home\/129337.cloudwaysapps.com\/jcepnzzkmj\/public_html\/modules\/admin-ui\/api\/build.php(469): BaseAPI->handleRequest()\n#1 {main}"}
2025-11-03 09:06:04 | Only POST requests allowed | {"action":"unknown","trace":"#0 \/home\/129337.cloudwaysapps.com\/jcepnzzkmj\/public_html\/modules\/admin-ui\/api\/components.php(459): BaseAPI->handleRequest()\n#1 {main}"}
2025-11-03 09:06:04 | CIS Logger not found, using fallback logging
2025-11-03 09:06:04 | Only POST requests allowed | {"action":"unknown","trace":"#0 \/home\/129337.cloudwaysapps.com\/jcepnzzkmj\/public_html\/modules\/admin-ui\/api\/css.php(514): BaseAPI->handleRequest()\n#1 {main}"}
2025-11-03 09:06:05 | Only POST requests allowed | {"action":"unknown","trace":"#0 \/home\/129337.cloudwaysapps.com\/jcepnzzkmj\/public_html\/modules\/admin-ui\/api\/js.php(543): BaseAPI->handleRequest()\n#1 {main}"}
2025-11-03 09:06:05 | Only POST requests allowed | {"action":"unknown","trace":"#0 \/home\/129337.cloudwaysapps.com\/jcepnzzkmj\/public_html\/modules\/admin-ui\/api\/themes.php(216): BaseAPI->handleRequest()\n#1 {main}"}
2025-11-03 09:08:50 | Only POST requests allowed | {"action":"unknown","trace":"#0 \/home\/129337.cloudwaysapps.com\/jcepnzzkmj\/public_html\/modules\/admin-ui\/api\/analytics.php(404): BaseAPI->handleRequest()\n#1 {main}"}
2025-11-03 09:08:50 | Only POST requests allowed | {"action":"unknown","trace":"#0 \/home\/129337.cloudwaysapps.com\/jcepnzzkmj\/public_html\/modules\/admin-ui\/api\/build.php(469): BaseAPI->handleRequest()\n#1 {main}"}
2025-11-03 09:08:50 | Only POST requests allowed | {"action":"unknown","trace":"#0 \/home\/129337.cloudwaysapps.com\/jcepnzzkmj\/public_html\/modules\/admin-ui\/api\/components.php(459): BaseAPI->handleRequest()\n#1 {main}"}
2025-11-03 09:08:50 | CIS Logger not found, using fallback logging
2025-11-03 09:08:50 | Only POST requests allowed | {"action":"unknown","trace":"#0 \/home\/129337.cloudwaysapps.com\/jcepnzzkmj\/public_html\/modules\/admin-ui\/api\/css.php(514): BaseAPI->handleRequest()\n#1 {main}"}
2025-11-03 09:08:50 | Only POST requests allowed | {"action":"unknown","trace":"#0 \/home\/129337.cloudwaysapps.com\/jcepnzzkmj\/public_html\/modules\/admin-ui\/api\/js.php(543): BaseAPI->handleRequest()\n#1 {main}"}
2025-11-03 09:08:50 | Only POST requests allowed | {"action":"unknown","trace":"#0 \/home\/129337.cloudwaysapps.com\/jcepnzzkmj\/public_html\/modules\/admin-ui\/api\/themes.php(216): BaseAPI->handleRequest()\n#1 {main}"}
